\BOOKMARK [1][-]{section*.3}{Introduction}{}% 1
\BOOKMARK [1][-]{section*.4}{Related work}{}% 2
\BOOKMARK [1][-]{section*.5}{Design Challenges}{}% 3
\BOOKMARK [2][-]{section*.6}{Accessibility}{section*.5}% 4
\BOOKMARK [2][-]{section*.7}{A Main Menu}{section*.5}% 5
\BOOKMARK [2][-]{section*.8}{The Generator}{section*.5}% 6
\BOOKMARK [2][-]{section*.9}{Final Design}{section*.5}% 7
\BOOKMARK [1][-]{section*.10}{Implementation}{}% 8
\BOOKMARK [2][-]{section*.11}{Language and tools}{section*.10}% 9
\BOOKMARK [2][-]{section*.12}{HoloToolkit}{section*.10}% 10
\BOOKMARK [3][-]{section*.13}{Spatial mapping and understanding}{section*.12}% 11
\BOOKMARK [3][-]{section*.14}{Input methods}{section*.12}% 12
\BOOKMARK [2][-]{section*.15}{Unity scripts}{section*.10}% 13
\BOOKMARK [3][-]{section*.16}{Generator}{section*.15}% 14
\BOOKMARK [3][-]{section*.17}{Bricks and Templates}{section*.15}% 15
\BOOKMARK [1][-]{section*.18}{Evaluation}{}% 16
\BOOKMARK [2][-]{section*.19}{Results}{section*.18}% 17
\BOOKMARK [2][-]{section*.20}{Observations}{section*.18}% 18
\BOOKMARK [1][-]{section*.21}{Discussion}{}% 19
\BOOKMARK [2][-]{section*.22}{Confusion and overwhelming impressions \(H1\)}{section*.21}% 20
\BOOKMARK [2][-]{section*.23}{Suitability of LEGO in AR \(H2\)}{section*.21}% 21
\BOOKMARK [1][-]{section*.24}{Future work}{}% 22
\BOOKMARK [2][-]{section*.25}{LEGO size and compexity}{section*.24}% 23
\BOOKMARK [2][-]{section*.26}{Brick shortage}{section*.24}% 24
\BOOKMARK [1][-]{section*.27}{REFERENCES }{}% 25
